<?xml version="1.0" encoding="utf-8"?><testsuites name="pytest tests"><testsuite name="pytest" errors="0" failures="0" skipped="0" tests="9" time="1.496" timestamp="2026-08-08T22:48:58.180457+00:00" hostname="agent-env-9f0e57bc-b511-4fba-ad65-f3f975bc4f1e"><testcase classname="tests.test_valeo_api.TestPublicState" name="test_get_state_returns_json" time="0.227" /><testcase classname="tests.test_valeo_api.TestAdminAuth" name="test_login_wrong_password" time="0.147" /><testcase classname="tests.test_valeo_api.TestAdminAuth" name="test_login_correct" time="0.064" /><testcase classname="tests.test_valeo_api.TestAdminAuth" name="test_admin_state_requires_token" time="0.087" /><testcase classname="tests.test_valeo_api.TestPublicState" name="test_put_state_persists" time="0.168" /><testcase classname="tests.test_valeo_api.TestAdminAuth" name="test_admin_state_with_token" time="0.198" /><testcase classname="tests.test_valeo_api.TestAdminSync" name="test_admin_put_reflected_in_public" time="0.599" /><testcase classname="tests.test_valeo_api.TestAdminAuth" name="test_admin_put_requires_token" time="0.054" /><testcase classname="tests.test_valeo_api.TestAdminDashboard" name="test_dashboard_html" time="0.050" /></testsuite></testsuites>